[0.084s] Invoking command in '/home/mwangala/Desktop/__ROS2/build/theora_image_transport': CMAKE_PREFIX_PATH=${CMAKE_PREFIX_PATH}:/home/mwangala/Desktop/Goaty/ros_project_ws2/install/handcv:/home/mwangala/Desktop/Goaty/ros_project_ws2/install/cv_franka_bridge:/home/mwangala/Desktop/Goaty/ros_project_ws2/install/cv_pegasus_bridge:/home/mwangala/Desktop/Goaty/ros_project_ws/install/handcv:/home/mwangala/Desktop/Goaty/ros_project_ws/install/cv_franka_bridge:/opt/ros/humble /usr/bin/cmake /home/mwangala/Desktop/__ROS2/src/image_transport_plugins/theora_image_transport -DCMAKE_INSTALL_PREFIX=/home/mwangala/Desktop/__ROS2/install/theora_image_transport
[1.350s] -- The C compiler identification is GNU 11.4.0
[1.350s] -- The CXX compiler identification is GNU 11.4.0
[1.350s] -- Detecting C compiler ABI info
[1.350s] -- Detecting C compiler ABI info - done
[1.350s] -- Check for working C compiler: /usr/bin/cc - skipped
[1.350s] -- Detecting C compile features
[1.350s] -- Detecting C compile features - done
[1.351s] -- Detecting CXX compiler ABI info
[1.351s] -- Detecting CXX compiler ABI info - done
[1.352s] -- Check for working CXX compiler: /usr/bin/c++ - skipped
[1.352s] -- Detecting CXX compile features
[1.352s] -- Detecting CXX compile features - done
[1.352s] -- Found ament_cmake: 1.3.11 (/opt/ros/humble/share/ament_cmake/cmake)
[1.352s] -- Found Python3: /usr/bin/python3 (found version "3.10.12") found components: Interpreter 
[1.352s] -- Found image_transport: 3.1.11 (/opt/ros/humble/share/image_transport/cmake)
[1.523s] -- Found rosidl_generator_c: 3.1.6 (/opt/ros/humble/share/rosidl_generator_c/cmake)
[1.553s] -- Found rosidl_adapter: 3.1.6 (/opt/ros/humble/share/rosidl_adapter/cmake)
[1.582s] -- Found rosidl_generator_cpp: 3.1.6 (/opt/ros/humble/share/rosidl_generator_cpp/cmake)
[1.626s] -- Using all available rosidl_typesupport_c: rosidl_typesupport_fastrtps_c;rosidl_typesupport_introspection_c
[1.659s] -- Using all available rosidl_typesupport_cpp: rosidl_typesupport_fastrtps_cpp;rosidl_typesupport_introspection_cpp
[1.746s] -- Found rmw_implementation_cmake: 6.1.2 (/opt/ros/humble/share/rmw_implementation_cmake/cmake)
[1.756s] -- Found rmw_fastrtps_cpp: 6.2.7 (/opt/ros/humble/share/rmw_fastrtps_cpp/cmake)
[2.042s] -- Found OpenSSL: /usr/lib/x86_64-linux-gnu/libcrypto.so (found version "3.0.2")  
[2.126s] -- Found FastRTPS: /opt/ros/humble/include  
[2.231s] -- Using RMW implementation 'rmw_fastrtps_cpp' as default
[2.265s] -- Looking for pthread.h
[2.494s] -- Looking for pthread.h - found
[2.494s] -- Performing Test CMAKE_HAVE_LIBC_PTHREAD
[2.680s] -- Performing Test CMAKE_HAVE_LIBC_PTHREAD - Success
[2.681s] -- Found Threads: TRUE  
[2.928s] -- Found cv_bridge: 3.2.1 (/opt/ros/humble/share/cv_bridge/cmake)
[2.971s] -- Found rosidl_default_generators: 1.2.0 (/opt/ros/humble/share/rosidl_default_generators/cmake)
[2.993s] -- Found OpenCV: /usr (found version "4.5.4") found components: imgproc 
[3.000s] -- Found PkgConfig: /usr/bin/pkg-config (found version "0.29.2") 
[3.001s] -- Checking for module 'ogg'
[3.038s] --   Found ogg, version 1.3.5
[3.154s] -- Checking for module 'theora'
[3.187s] --   Found theora, version 1.1.1
[3.252s] -- Checking for module 'theoraenc'
[3.280s] --   Found theoraenc, version 1.1.1
[3.348s] -- Checking for module 'theoradec'
[3.393s] --   Found theoradec, version 1.1.1
[3.994s] -- Found ament_cmake_cppcheck: 0.12.12 (/opt/ros/humble/share/ament_cmake_cppcheck/cmake)
[4.000s] -- Found ament_cmake_cpplint: 0.12.12 (/opt/ros/humble/share/ament_cmake_cpplint/cmake)
[4.006s] -- Found ament_cmake_uncrustify: 0.12.12 (/opt/ros/humble/share/ament_cmake_uncrustify/cmake)
[4.014s] -- Found ament_cmake_ros: 0.10.0 (/opt/ros/humble/share/ament_cmake_ros/cmake)
[4.646s] -- Using all available rosidl_typesupport_c: rosidl_typesupport_fastrtps_c;rosidl_typesupport_introspection_c
[4.955s] -- Using all available rosidl_typesupport_cpp: rosidl_typesupport_fastrtps_cpp;rosidl_typesupport_introspection_cpp
[4.998s] -- Found PythonInterp: /usr/bin/python3 (found suitable version "3.10.12", minimum required is "3.6") 
[5.007s] -- Found python_cmake_module: 0.10.0 (/opt/ros/humble/share/python_cmake_module/cmake)
[5.047s] -- Found PythonLibs: /usr/lib/x86_64-linux-gnu/libpython3.10.so (found suitable version "3.10.12", minimum required is "3.5") 
[5.047s] -- Using PYTHON_EXECUTABLE: /usr/bin/python3
[5.047s] -- Using PYTHON_INCLUDE_DIRS: /usr/include/python3.10
[5.077s] -- Using PYTHON_LIBRARIES: /usr/lib/x86_64-linux-gnu/libpython3.10.so
[5.086s] -- Found PythonExtra: .so  
[5.200s] -- Found ament_cmake_flake8: 0.12.12 (/opt/ros/humble/share/ament_cmake_flake8/cmake)
[5.206s] -- Found ament_cmake_pep257: 0.12.12 (/opt/ros/humble/share/ament_cmake_pep257/cmake)
[5.219s] -- Configuring done
[5.273s] -- Generating done
[5.325s] -- Build files have been written to: /home/mwangala/Desktop/__ROS2/build/theora_image_transport
[5.352s] Invoked command in '/home/mwangala/Desktop/__ROS2/build/theora_image_transport' returned '0': CMAKE_PREFIX_PATH=${CMAKE_PREFIX_PATH}:/home/mwangala/Desktop/Goaty/ros_project_ws2/install/handcv:/home/mwangala/Desktop/Goaty/ros_project_ws2/install/cv_franka_bridge:/home/mwangala/Desktop/Goaty/ros_project_ws2/install/cv_pegasus_bridge:/home/mwangala/Desktop/Goaty/ros_project_ws/install/handcv:/home/mwangala/Desktop/Goaty/ros_project_ws/install/cv_franka_bridge:/opt/ros/humble /usr/bin/cmake /home/mwangala/Desktop/__ROS2/src/image_transport_plugins/theora_image_transport -DCMAKE_INSTALL_PREFIX=/home/mwangala/Desktop/__ROS2/install/theora_image_transport
[5.354s] Invoking command in '/home/mwangala/Desktop/__ROS2/build/theora_image_transport': CMAKE_PREFIX_PATH=${CMAKE_PREFIX_PATH}:/home/mwangala/Desktop/Goaty/ros_project_ws2/install/handcv:/home/mwangala/Desktop/Goaty/ros_project_ws2/install/cv_franka_bridge:/home/mwangala/Desktop/Goaty/ros_project_ws2/install/cv_pegasus_bridge:/home/mwangala/Desktop/Goaty/ros_project_ws/install/handcv:/home/mwangala/Desktop/Goaty/ros_project_ws/install/cv_franka_bridge:/opt/ros/humble /usr/bin/cmake --build /home/mwangala/Desktop/__ROS2/build/theora_image_transport -- -j8 -l8
[5.418s] [  2%] [34m[1mGenerating C code for ROS interfaces[0m
[5.435s] [  5%] [34m[1mGenerating C++ code for ROS interfaces[0m
[5.468s] [  5%] Built target ament_cmake_python_copy_theora_image_transport
[5.851s] running egg_info
[5.851s] creating theora_image_transport.egg-info
[5.851s] writing theora_image_transport.egg-info/PKG-INFO
[5.852s] writing dependency_links to theora_image_transport.egg-info/dependency_links.txt
[5.852s] writing top-level names to theora_image_transport.egg-info/top_level.txt
[5.852s] writing manifest file 'theora_image_transport.egg-info/SOURCES.txt'
[5.856s] reading manifest file 'theora_image_transport.egg-info/SOURCES.txt'
[5.857s] writing manifest file 'theora_image_transport.egg-info/SOURCES.txt'
[5.965s] [  5%] Built target ament_cmake_python_build_theora_image_transport_egg
[6.020s] [  8%] [32mBuilding C object CMakeFiles/theora_image_transport__rosidl_generator_c.dir/rosidl_generator_c/theora_image_transport/msg/detail/packet__functions.c.o[0m
[6.096s] [  8%] Built target theora_image_transport__cpp
[6.115s] [ 13%] [34m[1mGenerating C++ introspection for ROS interfaces[0m
[6.115s] [ 13%] [34m[1mGenerating C++ type support dispatch for ROS interfaces[0m
[6.115s] [ 16%] [34m[1mGenerating C++ type support for eProsima Fast-RTPS[0m
[6.873s] [ 18%] [32mBuilding CXX object CMakeFiles/theora_image_transport__rosidl_typesupport_fastrtps_cpp.dir/rosidl_typesupport_fastrtps_cpp/theora_image_transport/msg/detail/dds_fastrtps/packet__type_support.cpp.o[0m
[6.944s] [ 21%] [32mBuilding CXX object CMakeFiles/theora_image_transport__rosidl_typesupport_cpp.dir/rosidl_typesupport_cpp/theora_image_transport/msg/packet__type_support.cpp.o[0m
[7.039s] [ 24%] [32mBuilding CXX object CMakeFiles/theora_image_transport__rosidl_typesupport_introspection_cpp.dir/rosidl_typesupport_introspection_cpp/theora_image_transport/msg/detail/packet__type_support.cpp.o[0m
[7.409s] [ 27%] [32m[1mLinking C shared library libtheora_image_transport__rosidl_generator_c.so[0m
[8.287s] [ 29%] [32m[1mLinking CXX shared library libtheora_image_transport__rosidl_typesupport_cpp.so[0m
[8.339s] [ 29%] Built target theora_image_transport__rosidl_generator_c
[8.384s] [ 32%] [34m[1mGenerating C type support dispatch for ROS interfaces[0m
[8.384s] [ 35%] [34m[1mGenerating C introspection for ROS interfaces[0m
[8.388s] [ 37%] [34m[1mGenerating C type support for eProsima Fast-RTPS[0m
[8.595s] [ 37%] Built target theora_image_transport__rosidl_typesupport_cpp
[8.669s] [ 40%] [32mBuilding CXX object CMakeFiles/theora_image_transport_component.dir/src/theora_publisher.cpp.o[0m
[8.698s] [ 43%] [32mBuilding CXX object CMakeFiles/ogg_saver.dir/src/ogg_saver.cpp.o[0m
[8.699s] [ 45%] [32mBuilding CXX object CMakeFiles/theora_image_transport_component.dir/src/theora_subscriber.cpp.o[0m
[8.916s] [ 48%] [32m[1mLinking CXX shared library libtheora_image_transport__rosidl_typesupport_introspection_cpp.so[0m
[9.261s] [ 51%] [32m[1mLinking CXX shared library libtheora_image_transport__rosidl_typesupport_fastrtps_cpp.so[0m
[9.444s] [ 54%] [32mBuilding CXX object CMakeFiles/theora_image_transport__rosidl_typesupport_c.dir/rosidl_typesupport_c/theora_image_transport/msg/packet__type_support.cpp.o[0m
[9.670s] [ 56%] [32m[1mLinking CXX shared library libtheora_image_transport__rosidl_typesupport_c.so[0m
[9.689s] [ 59%] [32mBuilding C object CMakeFiles/theora_image_transport__rosidl_typesupport_introspection_c.dir/rosidl_typesupport_introspection_c/theora_image_transport/msg/detail/packet__type_support.c.o[0m
[9.699s] [ 62%] [32mBuilding CXX object CMakeFiles/theora_image_transport__rosidl_typesupport_fastrtps_c.dir/rosidl_typesupport_fastrtps_c/theora_image_transport/msg/detail/packet__type_support_c.cpp.o[0m
[9.711s] [ 62%] Built target theora_image_transport__rosidl_typesupport_introspection_cpp
[9.744s] [ 64%] [32mBuilding CXX object CMakeFiles/theora_image_transport_component.dir/src/manifest.cpp.o[0m
[10.091s] [ 64%] Built target theora_image_transport__rosidl_typesupport_c
[10.326s] [ 67%] [32m[1mLinking C shared library libtheora_image_transport__rosidl_typesupport_introspection_c.so[0m
[10.377s] [ 67%] Built target theora_image_transport__rosidl_typesupport_fastrtps_cpp
[10.432s] [ 70%] [32m[1mLinking CXX shared library libtheora_image_transport__rosidl_typesupport_fastrtps_c.so[0m
[10.524s] [ 70%] Built target theora_image_transport__rosidl_typesupport_introspection_c
[10.671s] [ 70%] Built target theora_image_transport__rosidl_typesupport_fastrtps_c
[10.694s] [ 70%] Built target theora_image_transport
[10.718s] [ 72%] [34m[1mGenerating Python code for ROS interfaces[0m
[11.724s] [ 72%] Built target theora_image_transport__py
[11.751s] [ 75%] [32mBuilding C object CMakeFiles/theora_image_transport__rosidl_generator_py.dir/rosidl_generator_py/theora_image_transport/msg/_packet_s.c.o[0m
[11.979s] [01m[K/home/mwangala/Desktop/__ROS2/src/image_transport_plugins/theora_image_transport/src/theora_subscriber.cpp:37:10:[m[K [01;31m[Kfatal error: [m[Kcv_bridge/cv_bridge.hpp: No such file or directory
[11.979s]    37 | #include [01;31m[K<cv_bridge/cv_bridge.hpp>[m[K
[11.979s]       |          [01;31m[K^~~~~~~~~~~~~~~~~~~~~~~~~[m[K
[11.979s] compilation terminated.
[12.072s] gmake[2]: *** [CMakeFiles/theora_image_transport_component.dir/build.make:90: CMakeFiles/theora_image_transport_component.dir/src/theora_subscriber.cpp.o] Error 1
[12.072s] gmake[2]: *** Waiting for unfinished jobs....
[15.603s] [ 78%] [32m[1mLinking C shared library rosidl_generator_py/theora_image_transport/libtheora_image_transport__rosidl_generator_py.so[0m
[15.993s] [ 78%] Built target theora_image_transport__rosidl_generator_py
[16.057s] [ 81%] [32mBuilding C object CMakeFiles/theora_image_transport__rosidl_typesupport_fastrtps_c__pyext.dir/rosidl_generator_py/theora_image_transport/_theora_image_transport_s.ep.rosidl_typesupport_fastrtps_c.c.o[0m
[16.059s] [ 83%] [32mBuilding C object CMakeFiles/theora_image_transport__rosidl_typesupport_c__pyext.dir/rosidl_generator_py/theora_image_transport/_theora_image_transport_s.ep.rosidl_typesupport_c.c.o[0m
[16.070s] [ 86%] [32mBuilding C object CMakeFiles/theora_image_transport__rosidl_typesupport_introspection_c__pyext.dir/rosidl_generator_py/theora_image_transport/_theora_image_transport_s.ep.rosidl_typesupport_introspection_c.c.o[0m
[16.385s] [ 89%] [32m[1mLinking C shared library rosidl_generator_py/theora_image_transport/theora_image_transport_s__rosidl_typesupport_c.cpython-310-x86_64-linux-gnu.so[0m
[16.410s] [ 91%] [32m[1mLinking C shared library rosidl_generator_py/theora_image_transport/theora_image_transport_s__rosidl_typesupport_fastrtps_c.cpython-310-x86_64-linux-gnu.so[0m
[16.433s] [ 94%] [32m[1mLinking C shared library rosidl_generator_py/theora_image_transport/theora_image_transport_s__rosidl_typesupport_introspection_c.cpython-310-x86_64-linux-gnu.so[0m
[16.686s] [ 94%] Built target theora_image_transport__rosidl_typesupport_c__pyext
[16.689s] [ 94%] Built target theora_image_transport__rosidl_typesupport_introspection_c__pyext
[16.691s] [ 94%] Built target theora_image_transport__rosidl_typesupport_fastrtps_c__pyext
[19.159s] gmake[1]: *** [CMakeFiles/Makefile2:595: CMakeFiles/theora_image_transport_component.dir/all] Error 2
[19.159s] gmake[1]: *** Waiting for unfinished jobs....
[26.341s] [ 97%] [32m[1mLinking CXX executable ogg_saver[0m
[32.233s] [ 97%] Built target ogg_saver
[32.234s] gmake: *** [Makefile:146: all] Error 2
