[  2%] Built target theora_image_transport__cpp
[35m[1mConsolidate compiler generated dependencies of target theora_image_transport__rosidl_typesupport_fastrtps_cpp[0m
[35m[1mConsolidate compiler generated dependencies of target theora_image_transport__rosidl_typesupport_introspection_cpp[0m
[35m[1mConsolidate compiler generated dependencies of target theora_image_transport__rosidl_generator_c[0m
[35m[1mConsolidate compiler generated dependencies of target theora_image_transport__rosidl_typesupport_cpp[0m
[ 10%] Built target theora_image_transport__rosidl_generator_c
[ 18%] Built target theora_image_transport__rosidl_typesupport_introspection_cpp
[ 27%] Built target theora_image_transport__rosidl_typesupport_fastrtps_cpp
[ 35%] Built target theora_image_transport__rosidl_typesupport_cpp
failed to create symbolic link '/home/mwangala/Desktop/__ROS2/build/theora_image_transport/ament_cmake_python/theora_image_transport/theora_image_transport' because existing path cannot be removed: Is a directory
gmake[2]: *** [CMakeFiles/ament_cmake_python_symlink_theora_image_transport.dir/build.make:70: CMakeFiles/ament_cmake_python_symlink_theora_image_transport] Error 1
gmake[1]: *** [CMakeFiles/Makefile2:425: CMakeFiles/ament_cmake_python_symlink_theora_image_transport.dir/all] Error 2
gmake[1]: *** Waiting for unfinished jobs....
gmake: *** [Makefile:146: all] Error 2
