[0.073s] Invoking command in '/home/mwangala/Desktop/__ROS2/build/theora_image_transport': CMAKE_PREFIX_PATH=${CMAKE_PREFIX_PATH}:/home/mwangala/Desktop/Goaty/ros_project_ws2/install/handcv:/home/mwangala/Desktop/Goaty/ros_project_ws2/install/cv_franka_bridge:/home/mwangala/Desktop/Goaty/ros_project_ws2/install/cv_pegasus_bridge:/home/mwangala/Desktop/Goaty/ros_project_ws/install/handcv:/home/mwangala/Desktop/Goaty/ros_project_ws/install/cv_franka_bridge:/opt/ros/humble /usr/bin/cmake --build /home/mwangala/Desktop/__ROS2/build/theora_image_transport -- -j8 -l8
[1.338s] [  2%] Built target theora_image_transport__cpp
[1.338s] [35m[1mConsolidate compiler generated dependencies of target theora_image_transport__rosidl_generator_c[0m
[1.338s] [35m[1mConsolidate compiler generated dependencies of target theora_image_transport__rosidl_typesupport_fastrtps_cpp[0m
[1.338s] [  2%] Built target ament_cmake_python_copy_theora_image_transport
[1.338s] [ 10%] Built target theora_image_transport__rosidl_generator_c
[1.338s] [35m[1mConsolidate compiler generated dependencies of target theora_image_transport__rosidl_typesupport_introspection_cpp[0m
[1.338s] [35m[1mConsolidate compiler generated dependencies of target theora_image_transport__rosidl_typesupport_cpp[0m
[1.339s] [ 18%] Built target theora_image_transport__rosidl_typesupport_introspection_cpp
[1.339s] [ 27%] Built target theora_image_transport__rosidl_typesupport_fastrtps_cpp
[1.340s] [35m[1mConsolidate compiler generated dependencies of target theora_image_transport__rosidl_typesupport_c[0m
[1.340s] [35m[1mConsolidate compiler generated dependencies of target theora_image_transport__rosidl_typesupport_fastrtps_c[0m
[1.340s] [35m[1mConsolidate compiler generated dependencies of target theora_image_transport__rosidl_typesupport_introspection_c[0m
[1.340s] [ 35%] Built target theora_image_transport__rosidl_typesupport_cpp
[1.340s] [ 43%] Built target theora_image_transport__rosidl_typesupport_c
[1.340s] [ 51%] Built target theora_image_transport__rosidl_typesupport_introspection_c
[1.340s] [35m[1mConsolidate compiler generated dependencies of target theora_image_transport_component[0m
[1.340s] [ 59%] Built target theora_image_transport__rosidl_typesupport_fastrtps_c
[1.340s] [35m[1mConsolidate compiler generated dependencies of target ogg_saver[0m
[1.340s] [ 62%] [32mBuilding CXX object CMakeFiles/theora_image_transport_component.dir/src/theora_subscriber.cpp.o[0m
[1.340s] [ 62%] Built target theora_image_transport
[1.340s] [ 67%] Built target ogg_saver
[1.341s] [ 70%] Built target theora_image_transport__py
[1.341s] [35m[1mConsolidate compiler generated dependencies of target theora_image_transport__rosidl_generator_py[0m
[1.341s] [ 75%] Built target theora_image_transport__rosidl_generator_py
[1.341s] [35m[1mConsolidate compiler generated dependencies of target theora_image_transport__rosidl_typesupport_fastrtps_c__pyext[0m
[1.341s] [35m[1mConsolidate compiler generated dependencies of target theora_image_transport__rosidl_typesupport_introspection_c__pyext[0m
[1.341s] [35m[1mConsolidate compiler generated dependencies of target theora_image_transport__rosidl_typesupport_c__pyext[0m
[1.341s] [ 81%] Built target theora_image_transport__rosidl_typesupport_fastrtps_c__pyext
[1.341s] [ 86%] Built target theora_image_transport__rosidl_typesupport_c__pyext
[1.341s] [ 91%] Built target theora_image_transport__rosidl_typesupport_introspection_c__pyext
[1.341s] running egg_info
[1.341s] writing theora_image_transport.egg-info/PKG-INFO
[1.341s] writing dependency_links to theora_image_transport.egg-info/dependency_links.txt
[1.342s] writing top-level names to theora_image_transport.egg-info/top_level.txt
[1.342s] reading manifest file 'theora_image_transport.egg-info/SOURCES.txt'
[1.342s] writing manifest file 'theora_image_transport.egg-info/SOURCES.txt'
[1.342s] [ 91%] Built target ament_cmake_python_build_theora_image_transport_egg
[1.342s] [01m[K/home/mwangala/Desktop/__ROS2/src/image_transport_plugins/theora_image_transport/src/theora_subscriber.cpp:37:10:[m[K [01;31m[Kfatal error: [m[Kcv_bridge/cv_bridge.hpp: No such file or directory
[1.342s]    37 | #include [01;31m[K<cv_bridge/cv_bridge.hpp>[m[K
[1.342s]       |          [01;31m[K^~~~~~~~~~~~~~~~~~~~~~~~~[m[K
[1.342s] compilation terminated.
[1.342s] gmake[2]: *** [CMakeFiles/theora_image_transport_component.dir/build.make:90: CMakeFiles/theora_image_transport_component.dir/src/theora_subscriber.cpp.o] Error 1
[1.342s] gmake[1]: *** [CMakeFiles/Makefile2:595: CMakeFiles/theora_image_transport_component.dir/all] Error 2
[1.342s] gmake[1]: *** Waiting for unfinished jobs....
[1.342s] gmake: *** [Makefile:146: all] Error 2
